<?xml version="1.0" encoding="utf-8"?><testsuites name="pytest tests"><testsuite name="pytest" errors="0" failures="0" skipped="0" tests="8" time="1.356" timestamp="2026-04-15T13:09:08.858562+00:00" hostname="agent-env-7264670b-b566-44ec-a31c-987c8dc99cd4"><testcase classname="backend.tests.test_kun_api.TestGetEndpoints" name="test_offices" time="0.225" /><testcase classname="backend.tests.test_kun_api.TestGetEndpoints" name="test_shared_desks" time="0.162" /><testcase classname="backend.tests.test_kun_api.TestGetEndpoints" name="test_meeting_rooms" time="0.156" /><testcase classname="backend.tests.test_kun_api.TestPostEndpoints" name="test_contact_form" time="0.136" /><testcase classname="backend.tests.test_kun_api.TestPostEndpoints" name="test_book_desk" time="0.124" /><testcase classname="backend.tests.test_kun_api.TestPostEndpoints" name="test_book_office" time="0.141" /><testcase classname="backend.tests.test_kun_api.TestPostEndpoints" name="test_book_meeting_room" time="0.105" /><testcase classname="backend.tests.test_kun_api.TestPostEndpoints" name="test_contact_form_missing_fields" time="0.165" /></testsuite></testsuites>