<?xml version="1.0" encoding="utf-8"?><testsuites name="pytest tests"><testsuite name="pytest" errors="0" failures="0" skipped="0" tests="51" time="11.708" timestamp="2026-04-21T14:08:53.455828+00:00" hostname="agent-env-698696f6-2e7f-475f-ae8c-d054bf89f052"><testcase classname="tests.test_kun_admin.TestAuth" name="test_login_success_sets_cookies" time="0.445" /><testcase classname="tests.test_kun_admin.TestAuth" name="test_login_bad_password" time="0.338" /><testcase classname="tests.test_kun_admin.TestAuth" name="test_me_without_cookie" time="0.118" /><testcase classname="tests.test_kun_admin.TestAuth" name="test_me_with_cookie" time="0.438" /><testcase classname="tests.test_kun_admin.TestAuth" name="test_admin_requires_auth" time="0.097" /><testcase classname="tests.test_kun_admin.TestAuth" name="test_logout_clears_cookie" time="0.455" /><testcase classname="tests.test_kun_admin.TestPublic" name="test_offices_list" time="0.107" /><testcase classname="tests.test_kun_admin.TestPublic" name="test_shared_desks_singleton" time="0.131" /><testcase classname="tests.test_kun_admin.TestPublic" name="test_meeting_rooms_list" time="0.120" /><testcase classname="tests.test_kun_admin.TestPublic" name="test_content_all" time="0.134" /><testcase classname="tests.test_kun_admin.TestPublic" name="test_content_single" time="0.105" /><testcase classname="tests.test_kun_admin.TestPublic" name="test_content_missing" time="0.122" /><testcase classname="tests.test_kun_admin.TestPublic" name="test_settings" time="0.125" /><testcase classname="tests.test_kun_admin.TestContactAndBookings" name="test_contact_create_persists" time="0.233" /><testcase classname="tests.test_kun_admin.TestContactAndBookings" name="test_book_desk" time="0.156" /><testcase classname="tests.test_kun_admin.TestContactAndBookings" name="test_book_office" time="0.311" /><testcase classname="tests.test_kun_admin.TestContactAndBookings" name="test_book_meeting_room_and_duplicate_409" time="0.411" /><testcase classname="tests.test_kun_admin.TestAdmin" name="test_stats" time="0.073" /><testcase classname="tests.test_kun_admin.TestAdmin" name="test_office_crud" time="0.222" /><testcase classname="tests.test_kun_admin.TestAdmin" name="test_meeting_room_crud" time="0.172" /><testcase classname="tests.test_kun_admin.TestAdmin" name="test_shared_desks_update" time="0.199" /><testcase classname="tests.test_kun_admin.TestAdmin" name="test_content_upsert" time="0.233" /><testcase classname="tests.test_kun_admin.TestAdmin" name="test_settings_update" time="0.177" /><testcase classname="tests.test_kun_admin.TestAdmin" name="test_bookings_list_with_filter" time="0.057" /><testcase classname="tests.test_kun_admin.TestAdmin" name="test_booking_status_update" time="0.228" /><testcase classname="tests.test_kun_admin.TestAdmin" name="test_messages_list" time="0.061" /><testcase classname="tests.test_kun_admin.TestUsersAndRoles" name="test_create_staff_and_role_enforcement" time="0.858" /><testcase classname="tests.test_kun_admin.TestUsersAndRoles" name="test_cannot_delete_own_account" time="0.114" /><testcase classname="tests.test_kun_api.TestGetEndpoints" name="test_offices" time="0.120" /><testcase classname="tests.test_kun_api.TestGetEndpoints" name="test_shared_desks" time="0.116" /><testcase classname="tests.test_kun_api.TestGetEndpoints" name="test_meeting_rooms" time="0.143" /><testcase classname="tests.test_kun_api.TestPostEndpoints" name="test_contact_form" time="0.118" /><testcase classname="tests.test_kun_api.TestPostEndpoints" name="test_book_desk" time="0.110" /><testcase classname="tests.test_kun_api.TestPostEndpoints" name="test_book_office" time="0.113" /><testcase classname="tests.test_kun_api.TestPostEndpoints" name="test_book_meeting_room" time="0.116" /><testcase classname="tests.test_kun_api.TestPostEndpoints" name="test_contact_form_missing_fields" time="0.169" /><testcase classname="tests.test_kun_new_features.TestAvailability" name="test_admin_get_returns_default" time="0.407" /><testcase classname="tests.test_kun_new_features.TestAvailability" name="test_admin_put_updates" time="0.129" /><testcase classname="tests.test_kun_new_features.TestAvailability" name="test_public_availability" time="0.185" /><testcase classname="tests.test_kun_new_features.TestBookedSlotsAndMRAvailability" name="test_reject_blocked_date" time="0.314" /><testcase classname="tests.test_kun_new_features.TestBookedSlotsAndMRAvailability" name="test_reject_non_working_day" time="0.208" /><testcase classname="tests.test_kun_new_features.TestBookedSlotsAndMRAvailability" name="test_reject_outside_hours" time="0.228" /><testcase classname="tests.test_kun_new_features.TestBookedSlotsAndMRAvailability" name="test_reject_blocked_slot" time="0.240" /><testcase classname="tests.test_kun_new_features.TestBookedSlotsAndMRAvailability" name="test_accept_valid_then_duplicate_409" time="0.652" /><testcase classname="tests.test_kun_new_features.TestBookingNormalization" name="test_admin_list_has_details_dict" time="0.058" /><testcase classname="tests.test_kun_new_features.TestBookingNormalization" name="test_patch_office_booking_resolves_name" time="0.422" /><testcase classname="tests.test_kun_new_features.TestBookingNormalization" name="test_patch_legacy_flat_booking" time="0.316" /><testcase classname="tests.test_kun_new_features.TestMedia" name="test_upload_requires_auth" time="0.121" /><testcase classname="tests.test_kun_new_features.TestMedia" name="test_upload_rejects_non_image" time="0.077" /><testcase classname="tests.test_kun_new_features.TestMedia" name="test_upload_and_list_and_serve_and_delete" time="0.881" /><testcase classname="tests.test_kun_new_features.TestMedia" name="test_serve_unknown_path_404" time="0.129" /></testsuite></testsuites>