<?xml version="1.0" encoding="utf-8"?><testsuites name="pytest tests"><testsuite name="pytest" errors="0" failures="1" skipped="0" tests="15" time="4.635" timestamp="2026-04-21T14:06:55.443674+00:00" hostname="agent-env-698696f6-2e7f-475f-ae8c-d054bf89f052"><testcase classname="tests.test_kun_new_features.TestAvailability" name="test_admin_get_returns_default" time="0.586" /><testcase classname="tests.test_kun_new_features.TestAvailability" name="test_admin_put_updates" time="0.117" /><testcase classname="tests.test_kun_new_features.TestAvailability" name="test_public_availability" time="0.218" /><testcase classname="tests.test_kun_new_features.TestBookedSlotsAndMRAvailability" name="test_reject_blocked_date" time="0.348"><failure message="AssertionError: assert ('تاريخ' in 'اليوم غير متاح للحجز' or 'مغلق' in 'اليوم غير متاح للحجز')&#10; +  where 'اليوم غير متاح للحجز' = &lt;built-in method get of dict object at 0xfcd53f9386c0&gt;('detail', '')&#10; +    where &lt;built-in method get of dict object at 0xfcd53f9386c0&gt; = {'detail': 'اليوم غير متاح للحجز'}.get&#10; +      where {'detail': 'اليوم غير متاح للحجز'} = json()&#10; +        where json = &lt;Response [400]&gt;.json&#10; +  and   'اليوم غير متاح للحجز' = &lt;built-in method get of dict object at 0xfcd53f927780&gt;('detail', '')&#10; +    where &lt;built-in method get of dict object at 0xfcd53f927780&gt; = {'detail': 'اليوم غير متاح للحجز'}.get&#10; +      where {'detail': 'اليوم غير متاح للحجز'} = json()&#10; +        where json = &lt;Response [400]&gt;.json">tests/test_kun_new_features.py:100: in test_reject_blocked_date
    assert "تاريخ" in r.json().get("detail", "") or "مغلق" in r.json().get("detail", "")
E   AssertionError: assert ('تاريخ' in 'اليوم غير متاح للحجز' or 'مغلق' in 'اليوم غير متاح للحجز')
E    +  where 'اليوم غير متاح للحجز' = &lt;built-in method get of dict object at 0xfcd53f9386c0&gt;('detail', '')
E    +    where &lt;built-in method get of dict object at 0xfcd53f9386c0&gt; = {'detail': 'اليوم غير متاح للحجز'}.get
E    +      where {'detail': 'اليوم غير متاح للحجز'} = json()
E    +        where json = &lt;Response [400]&gt;.json
E    +  and   'اليوم غير متاح للحجز' = &lt;built-in method get of dict object at 0xfcd53f927780&gt;('detail', '')
E    +    where &lt;built-in method get of dict object at 0xfcd53f927780&gt; = {'detail': 'اليوم غير متاح للحجز'}.get
E    +      where {'detail': 'اليوم غير متاح للحجز'} = json()
E    +        where json = &lt;Response [400]&gt;.json</failure></testcase><testcase classname="tests.test_kun_new_features.TestBookedSlotsAndMRAvailability" name="test_reject_non_working_day" time="0.264" /><testcase classname="tests.test_kun_new_features.TestBookedSlotsAndMRAvailability" name="test_reject_outside_hours" time="0.298" /><testcase classname="tests.test_kun_new_features.TestBookedSlotsAndMRAvailability" name="test_reject_blocked_slot" time="0.230" /><testcase classname="tests.test_kun_new_features.TestBookedSlotsAndMRAvailability" name="test_accept_valid_then_duplicate_409" time="0.569" /><testcase classname="tests.test_kun_new_features.TestBookingNormalization" name="test_admin_list_has_details_dict" time="0.050" /><testcase classname="tests.test_kun_new_features.TestBookingNormalization" name="test_patch_office_booking_resolves_name" time="0.395" /><testcase classname="tests.test_kun_new_features.TestBookingNormalization" name="test_patch_legacy_flat_booking" time="0.328" /><testcase classname="tests.test_kun_new_features.TestMedia" name="test_upload_requires_auth" time="0.121" /><testcase classname="tests.test_kun_new_features.TestMedia" name="test_upload_rejects_non_image" time="0.051" /><testcase classname="tests.test_kun_new_features.TestMedia" name="test_upload_and_list_and_serve_and_delete" time="0.813" /><testcase classname="tests.test_kun_new_features.TestMedia" name="test_serve_unknown_path_404" time="0.127" /></testsuite></testsuites>